<?xml version="1.0" encoding="UTF-8"?>
<!-- Generated by org.testng.reporters.JUnitReportReporter -->
<testsuite skipped="0" hostname="Ashok" name="com.PGAD.QA.AdministratorTestCases.CreateUser" tests="1" failures="0" timestamp="23 Oct 2019 10:46:31 GMT" time="4.917" errors="0">
  <testcase name="test_createUser" time="4.917" classname="com.PGAD.QA.AdministratorTestCases.CreateUser"/>
</testsuite> <!-- com.PGAD.QA.AdministratorTestCases.CreateUser -->
