<?xml version="1.0" encoding="UTF-8"?>
<!-- Generated by org.testng.reporters.JUnitReportReporter -->
<testsuite skipped="0" hostname="Ashok" name="com.PGAD.QA.AdministratorTestCases.CreateRegionalUser" tests="1" failures="0" timestamp="24 Oct 2019 08:57:56 GMT" time="4.223" errors="0">
  <testcase name="test_createUser" time="4.223" classname="com.PGAD.QA.AdministratorTestCases.CreateRegionalUser"/>
</testsuite> <!-- com.PGAD.QA.AdministratorTestCases.CreateRegionalUser -->
